<?xml version="1.0" encoding="UTF-8"?>
<testng-results ignored="0" total="11" passed="9" failed="2" skipped="0">
  <reporter-output>
  </reporter-output>
  <suite started-at="2025-05-28T21:16:14 IST" name="Suite" finished-at="2025-05-28T21:19:50 IST" duration-ms="215835">
    <groups>
    </groups>
    <test started-at="2025-05-28T21:16:14 IST" name="Test" finished-at="2025-05-28T21:19:50 IST" duration-ms="215835">
      <class name="com.comcast.crm.opportunitiestest.CreateOpportunitiesTest">
        <test-method signature="CreateOpportunities()[pri:0, instance:com.comcast.crm.opportunitiestest.CreateOpportunitiesTest@1e800aaa]" started-at="2025-05-28T21:17:05 IST" name="CreateOpportunities" finished-at="2025-05-28T21:17:23 IST" duration-ms="17528" status="PASS">
          <reporter-output>
          </reporter-output>
        </test-method> <!-- CreateOpportunities -->
      </class> <!-- com.comcast.crm.opportunitiestest.CreateOpportunitiesTest -->
      <class name="com.comcast.crm.emailtest.ComposeEmailTest">
        <test-method signature="ComposeEmail()[pri:0, instance:com.comcast.crm.emailtest.ComposeEmailTest@179ece50]" started-at="2025-05-28T21:18:26 IST" name="ComposeEmail" finished-at="2025-05-28T21:18:50 IST" duration-ms="24160" status="FAIL">
          <exception class="org.openqa.selenium.NoSuchElementException">
            <message>
              <![CDATA[no such element: Unable to locate element: {"method":"css selector","selector":"img[src="themes/softed/images/select.gif"]"}
  (Session info: chrome=137.0.7151.41)
For documentation on this error, please visit: https://www.selenium.dev/documentation/webdriver/troubleshooting/errors#no-such-element-exception
Build info: version: '4.27.0', revision: 'd6e718d134'
System info: os.name: 'Windows 11', os.arch: 'amd64', os.version: '10.0', java.version: '23.0.2'
Driver info: org.openqa.selenium.chrome.ChromeDriver
Command: [d1fecafc2e873c6227e858fadd35990a, findElement {using=css selector, value=img[src="themes/softed/images/select.gif"]}]
Capabilities {acceptInsecureCerts: false, browserName: chrome, browserVersion: 137.0.7151.41, chrome: {chromedriverVersion: 137.0.7151.55 (254bc711794d..., userDataDir: C:\Users\panke\AppData\Loca...}, fedcm:accounts: true, goog:chromeOptions: {debuggerAddress: localhost:55647}, networkConnectionEnabled: false, pageLoadStrategy: normal, platformName: windows, proxy: Proxy(), se:cdp: ws://localhost:55647/devtoo..., se:cdpVersion: 137.0.7151.41, setWindowRect: true, strictFileInteractability: false, timeouts: {implicit: 0, pageLoad: 300000, script: 30000}, unhandledPromptBehavior: dismiss and notify, webauthn:extension:credBlob: true, webauthn:extension:largeBlob: true, webauthn:extension:minPinLength: true, webauthn:extension:prf: true, webauthn:virtualAuthenticators: true}
Session ID: d1fecafc2e873c6227e858fadd35990a]]>
            </message>
            <full-stacktrace>
              <![CDATA[org.openqa.selenium.NoSuchElementException: no such element: Unable to locate element: {"method":"css selector","selector":"img[src="themes/softed/images/select.gif"]"}
  (Session info: chrome=137.0.7151.41)
For documentation on this error, please visit: https://www.selenium.dev/documentation/webdriver/troubleshooting/errors#no-such-element-exception
Build info: version: '4.27.0', revision: 'd6e718d134'
System info: os.name: 'Windows 11', os.arch: 'amd64', os.version: '10.0', java.version: '23.0.2'
Driver info: org.openqa.selenium.chrome.ChromeDriver
Command: [d1fecafc2e873c6227e858fadd35990a, findElement {using=css selector, value=img[src="themes/softed/images/select.gif"]}]
Capabilities {acceptInsecureCerts: false, browserName: chrome, browserVersion: 137.0.7151.41, chrome: {chromedriverVersion: 137.0.7151.55 (254bc711794d..., userDataDir: C:\Users\panke\AppData\Loca...}, fedcm:accounts: true, goog:chromeOptions: {debuggerAddress: localhost:55647}, networkConnectionEnabled: false, pageLoadStrategy: normal, platformName: windows, proxy: Proxy(), se:cdp: ws://localhost:55647/devtoo..., se:cdpVersion: 137.0.7151.41, setWindowRect: true, strictFileInteractability: false, timeouts: {implicit: 0, pageLoad: 300000, script: 30000}, unhandledPromptBehavior: dismiss and notify, webauthn:extension:credBlob: true, webauthn:extension:largeBlob: true, webauthn:extension:minPinLength: true, webauthn:extension:prf: true, webauthn:virtualAuthenticators: true}
Session ID: d1fecafc2e873c6227e858fadd35990a
at java.base/jdk.internal.reflect.DirectConstructorHandleAccessor.newInstance(DirectConstructorHandleAccessor.java:62)
at java.base/java.lang.reflect.Constructor.newInstanceWithCaller(Constructor.java:501)
at java.base/java.lang.reflect.Constructor.newInstance(Constructor.java:485)
at org.openqa.selenium.remote.ErrorCodec.decode(ErrorCodec.java:167)
at org.openqa.selenium.remote.codec.w3c.W3CHttpResponseCodec.decode(W3CHttpResponseCodec.java:138)
at org.openqa.selenium.remote.codec.w3c.W3CHttpResponseCodec.decode(W3CHttpResponseCodec.java:50)
at org.openqa.selenium.remote.HttpCommandExecutor.execute(HttpCommandExecutor.java:190)
at org.openqa.selenium.remote.service.DriverCommandExecutor.invokeExecute(DriverCommandExecutor.java:216)
at org.openqa.selenium.remote.service.DriverCommandExecutor.execute(DriverCommandExecutor.java:174)
at org.openqa.selenium.remote.RemoteWebDriver.execute(RemoteWebDriver.java:545)
at org.openqa.selenium.remote.ElementLocation$ElementFinder$2.findElement(ElementLocation.java:165)
at org.openqa.selenium.remote.ElementLocation.findElement(ElementLocation.java:59)
at org.openqa.selenium.remote.RemoteWebDriver.findElement(RemoteWebDriver.java:368)
at org.openqa.selenium.remote.RemoteWebDriver.findElement(RemoteWebDriver.java:362)
at org.openqa.selenium.support.pagefactory.DefaultElementLocator.findElement(DefaultElementLocator.java:68)
at org.openqa.selenium.support.pagefactory.internal.LocatingElementHandler.invoke(LocatingElementHandler.java:38)
at jdk.proxy2/jdk.proxy2.$Proxy10.click(Unknown Source)
at com.comcast.crm.emailtest.ComposeEmailTest.ComposeEmail(ComposeEmailTest.java:101)
at java.base/jdk.internal.reflect.DirectMethodHandleAccessor.invoke(DirectMethodHandleAccessor.java:103)
at java.base/java.lang.reflect.Method.invoke(Method.java:580)
at org.testng.internal.invokers.MethodInvocationHelper.invokeMethod(MethodInvocationHelper.java:141)
at org.testng.internal.invokers.TestInvoker.invokeMethod(TestInvoker.java:686)
at org.testng.internal.invokers.TestInvoker.invokeTestMethod(TestInvoker.java:230)
at org.testng.internal.invokers.MethodRunner.runInSequence(MethodRunner.java:63)
at org.testng.internal.invokers.TestInvoker$MethodInvocationAgent.invoke(TestInvoker.java:992)
at org.testng.internal.invokers.TestInvoker.invokeTestMethods(TestInvoker.java:203)
at org.testng.internal.invokers.TestMethodWorker.invokeTestMethods(TestMethodWorker.java:154)
at org.testng.internal.invokers.TestMethodWorker.run(TestMethodWorker.java:134)
at java.base/java.util.ArrayList.forEach(ArrayList.java:1597)
at org.testng.TestRunner.privateRun(TestRunner.java:739)
at org.testng.TestRunner.run(TestRunner.java:614)
at org.testng.SuiteRunner.runTest(SuiteRunner.java:421)
at org.testng.SuiteRunner.runSequentially(SuiteRunner.java:413)
at org.testng.SuiteRunner.privateRun(SuiteRunner.java:373)
at org.testng.SuiteRunner.run(SuiteRunner.java:312)
at org.testng.SuiteRunnerWorker.runSuite(SuiteRunnerWorker.java:52)
at org.testng.SuiteRunnerWorker.run(SuiteRunnerWorker.java:95)
at org.testng.TestNG.runSuitesSequentially(TestNG.java:1274)
at org.testng.TestNG.runSuitesLocally(TestNG.java:1208)
at org.testng.TestNG.runSuites(TestNG.java:1112)
at org.testng.TestNG.run(TestNG.java:1079)
at org.testng.remote.AbstractRemoteTestNG.run(AbstractRemoteTestNG.java:115)
at org.testng.remote.RemoteTestNG.initAndRun(RemoteTestNG.java:293)
at org.testng.remote.RemoteTestNG.main(RemoteTestNG.java:91)
]]>
            </full-stacktrace>
          </exception> <!-- org.openqa.selenium.NoSuchElementException -->
          <reporter-output>
          </reporter-output>
        </test-method> <!-- ComposeEmail -->
      </class> <!-- com.comcast.crm.emailtest.ComposeEmailTest -->
      <class name="com.comcast.crm.troubleticketstest.GenerateTroubleTicketsTest">
        <test-method signature="TroubleTickets()[pri:0, instance:com.comcast.crm.troubleticketstest.GenerateTroubleTicketsTest@5bda8e08]" started-at="2025-05-28T21:16:42 IST" name="TroubleTickets" finished-at="2025-05-28T21:17:05 IST" duration-ms="23500" status="PASS">
          <reporter-output>
          </reporter-output>
        </test-method> <!-- TroubleTickets -->
      </class> <!-- com.comcast.crm.troubleticketstest.GenerateTroubleTicketsTest -->
      <class name="com.comcast.crm.calendartest.CreatCalendarTest">
        <test-method signature="CreateCalendar()[pri:0, instance:com.comcast.crm.calendartest.CreatCalendarTest@6f03482]" started-at="2025-05-28T21:17:41 IST" name="CreateCalendar" finished-at="2025-05-28T21:18:06 IST" duration-ms="25784" status="PASS">
          <reporter-output>
          </reporter-output>
        </test-method> <!-- CreateCalendar -->
      </class> <!-- com.comcast.crm.calendartest.CreatCalendarTest -->
      <class name="com.comcast.crm.leadstest.CreateLeadsTest">
        <test-method signature="CreateLeads()[pri:0, instance:com.comcast.crm.leadstest.CreateLeadsTest@9d5509a]" started-at="2025-05-28T21:18:06 IST" name="CreateLeads" finished-at="2025-05-28T21:18:26 IST" duration-ms="19098" status="PASS">
          <reporter-output>
          </reporter-output>
        </test-method> <!-- CreateLeads -->
      </class> <!-- com.comcast.crm.leadstest.CreateLeadsTest -->
      <class name="com.comcast.crm.productstest.CreateProductsTest">
        <test-method signature="CreateProducts()[pri:0, instance:com.comcast.crm.productstest.CreateProductsTest@185a6e9]" started-at="2025-05-28T21:17:23 IST" name="CreateProducts" finished-at="2025-05-28T21:17:41 IST" duration-ms="18126" status="PASS">
          <reporter-output>
          </reporter-output>
        </test-method> <!-- CreateProducts -->
      </class> <!-- com.comcast.crm.productstest.CreateProductsTest -->
      <class name="com.comcast.crm.moretest.DeleteMoreTest">
        <test-method signature="DeleteMore()[pri:0, instance:com.comcast.crm.moretest.DeleteMoreTest@3eb738bb]" started-at="2025-05-28T21:16:31 IST" name="DeleteMore" finished-at="2025-05-28T21:16:42 IST" duration-ms="10521" status="PASS">
          <reporter-output>
          </reporter-output>
        </test-method> <!-- DeleteMore -->
      </class> <!-- com.comcast.crm.moretest.DeleteMoreTest -->
      <class name="com.comcast.crm.moretest.AddMoreTest">
        <test-method signature="AddMore()[pri:0, instance:com.comcast.crm.moretest.AddMoreTest@31190526]" started-at="2025-05-28T21:16:14 IST" name="AddMore" finished-at="2025-05-28T21:16:31 IST" duration-ms="16643" status="PASS">
          <reporter-output>
          </reporter-output>
        </test-method> <!-- AddMore -->
      </class> <!-- com.comcast.crm.moretest.AddMoreTest -->
      <class name="com.comcast.crm.dashboardtest.ShowDashBoardTest">
        <test-method signature="ShowDashBoard()[pri:0, instance:com.comcast.crm.dashboardtest.ShowDashBoardTest@3b0090a4]" started-at="2025-05-28T21:18:50 IST" name="ShowDashBoard" finished-at="2025-05-28T21:19:03 IST" duration-ms="13007" status="FAIL">
          <exception class="org.openqa.selenium.StaleElementReferenceException">
            <message>
              <![CDATA[stale element reference: stale element not found in the current frame
  (Session info: chrome=137.0.7151.41)
For documentation on this error, please visit: https://www.selenium.dev/documentation/webdriver/troubleshooting/errors#stale-element-reference-exception
Build info: version: '4.27.0', revision: 'd6e718d134'
System info: os.name: 'Windows 11', os.arch: 'amd64', os.version: '10.0', java.version: '23.0.2'
Driver info: org.openqa.selenium.chrome.ChromeDriver
Command: [c15d782dac60a060b8d1578467a079c5, clickElement {id=f.E008412E05BBCA0B8420E7C952902008.d.1BFE49DA178359637D539F5B8A3C63ED.e.326}]
Capabilities {acceptInsecureCerts: false, browserName: chrome, browserVersion: 137.0.7151.41, chrome: {chromedriverVersion: 137.0.7151.55 (254bc711794d..., userDataDir: C:\Users\panke\AppData\Loca...}, fedcm:accounts: true, goog:chromeOptions: {debuggerAddress: localhost:55680}, networkConnectionEnabled: false, pageLoadStrategy: normal, platformName: windows, proxy: Proxy(), se:cdp: ws://localhost:55680/devtoo..., se:cdpVersion: 137.0.7151.41, setWindowRect: true, strictFileInteractability: false, timeouts: {implicit: 0, pageLoad: 300000, script: 30000}, unhandledPromptBehavior: dismiss and notify, webauthn:extension:credBlob: true, webauthn:extension:largeBlob: true, webauthn:extension:minPinLength: true, webauthn:extension:prf: true, webauthn:virtualAuthenticators: true}
Element: [[ChromeDriver: chrome on windows (c15d782dac60a060b8d1578467a079c5)] -> css selector: area[shape='polygon']]
Session ID: c15d782dac60a060b8d1578467a079c5]]>
            </message>
            <full-stacktrace>
              <![CDATA[org.openqa.selenium.StaleElementReferenceException: stale element reference: stale element not found in the current frame
  (Session info: chrome=137.0.7151.41)
For documentation on this error, please visit: https://www.selenium.dev/documentation/webdriver/troubleshooting/errors#stale-element-reference-exception
Build info: version: '4.27.0', revision: 'd6e718d134'
System info: os.name: 'Windows 11', os.arch: 'amd64', os.version: '10.0', java.version: '23.0.2'
Driver info: org.openqa.selenium.chrome.ChromeDriver
Command: [c15d782dac60a060b8d1578467a079c5, clickElement {id=f.E008412E05BBCA0B8420E7C952902008.d.1BFE49DA178359637D539F5B8A3C63ED.e.326}]
Capabilities {acceptInsecureCerts: false, browserName: chrome, browserVersion: 137.0.7151.41, chrome: {chromedriverVersion: 137.0.7151.55 (254bc711794d..., userDataDir: C:\Users\panke\AppData\Loca...}, fedcm:accounts: true, goog:chromeOptions: {debuggerAddress: localhost:55680}, networkConnectionEnabled: false, pageLoadStrategy: normal, platformName: windows, proxy: Proxy(), se:cdp: ws://localhost:55680/devtoo..., se:cdpVersion: 137.0.7151.41, setWindowRect: true, strictFileInteractability: false, timeouts: {implicit: 0, pageLoad: 300000, script: 30000}, unhandledPromptBehavior: dismiss and notify, webauthn:extension:credBlob: true, webauthn:extension:largeBlob: true, webauthn:extension:minPinLength: true, webauthn:extension:prf: true, webauthn:virtualAuthenticators: true}
Element: [[ChromeDriver: chrome on windows (c15d782dac60a060b8d1578467a079c5)] -> css selector: area[shape='polygon']]
Session ID: c15d782dac60a060b8d1578467a079c5
at java.base/jdk.internal.reflect.DirectConstructorHandleAccessor.newInstance(DirectConstructorHandleAccessor.java:62)
at java.base/java.lang.reflect.Constructor.newInstanceWithCaller(Constructor.java:501)
at java.base/java.lang.reflect.Constructor.newInstance(Constructor.java:485)
at org.openqa.selenium.remote.ErrorCodec.decode(ErrorCodec.java:167)
at org.openqa.selenium.remote.codec.w3c.W3CHttpResponseCodec.decode(W3CHttpResponseCodec.java:138)
at org.openqa.selenium.remote.codec.w3c.W3CHttpResponseCodec.decode(W3CHttpResponseCodec.java:50)
at org.openqa.selenium.remote.HttpCommandExecutor.execute(HttpCommandExecutor.java:190)
at org.openqa.selenium.remote.service.DriverCommandExecutor.invokeExecute(DriverCommandExecutor.java:216)
at org.openqa.selenium.remote.service.DriverCommandExecutor.execute(DriverCommandExecutor.java:174)
at org.openqa.selenium.remote.RemoteWebDriver.execute(RemoteWebDriver.java:545)
at org.openqa.selenium.remote.RemoteWebElement.execute(RemoteWebElement.java:223)
at org.openqa.selenium.remote.RemoteWebElement.click(RemoteWebElement.java:76)
at com.comcast.crm.dashboardtest.ShowDashBoardTest.ShowDashBoard(ShowDashBoardTest.java:104)
at java.base/jdk.internal.reflect.DirectMethodHandleAccessor.invoke(DirectMethodHandleAccessor.java:103)
at java.base/java.lang.reflect.Method.invoke(Method.java:580)
at org.testng.internal.invokers.MethodInvocationHelper.invokeMethod(MethodInvocationHelper.java:141)
at org.testng.internal.invokers.TestInvoker.invokeMethod(TestInvoker.java:686)
at org.testng.internal.invokers.TestInvoker.invokeTestMethod(TestInvoker.java:230)
at org.testng.internal.invokers.MethodRunner.runInSequence(MethodRunner.java:63)
at org.testng.internal.invokers.TestInvoker$MethodInvocationAgent.invoke(TestInvoker.java:992)
at org.testng.internal.invokers.TestInvoker.invokeTestMethods(TestInvoker.java:203)
at org.testng.internal.invokers.TestMethodWorker.invokeTestMethods(TestMethodWorker.java:154)
at org.testng.internal.invokers.TestMethodWorker.run(TestMethodWorker.java:134)
at java.base/java.util.ArrayList.forEach(ArrayList.java:1597)
at org.testng.TestRunner.privateRun(TestRunner.java:739)
at org.testng.TestRunner.run(TestRunner.java:614)
at org.testng.SuiteRunner.runTest(SuiteRunner.java:421)
at org.testng.SuiteRunner.runSequentially(SuiteRunner.java:413)
at org.testng.SuiteRunner.privateRun(SuiteRunner.java:373)
at org.testng.SuiteRunner.run(SuiteRunner.java:312)
at org.testng.SuiteRunnerWorker.runSuite(SuiteRunnerWorker.java:52)
at org.testng.SuiteRunnerWorker.run(SuiteRunnerWorker.java:95)
at org.testng.TestNG.runSuitesSequentially(TestNG.java:1274)
at org.testng.TestNG.runSuitesLocally(TestNG.java:1208)
at org.testng.TestNG.runSuites(TestNG.java:1112)
at org.testng.TestNG.run(TestNG.java:1079)
at org.testng.remote.AbstractRemoteTestNG.run(AbstractRemoteTestNG.java:115)
at org.testng.remote.RemoteTestNG.initAndRun(RemoteTestNG.java:293)
at org.testng.remote.RemoteTestNG.main(RemoteTestNG.java:91)
]]>
            </full-stacktrace>
          </exception> <!-- org.openqa.selenium.StaleElementReferenceException -->
          <reporter-output>
          </reporter-output>
        </test-method> <!-- ShowDashBoard -->
      </class> <!-- com.comcast.crm.dashboardtest.ShowDashBoardTest -->
      <class name="com.comcast.crm.documentstest.CreateDocumentsTest">
        <test-method signature="CreateDocuments()[pri:0, instance:com.comcast.crm.documentstest.CreateDocumentsTest@3cd3e762]" started-at="2025-05-28T21:19:03 IST" name="CreateDocuments" finished-at="2025-05-28T21:19:22 IST" duration-ms="18797" status="PASS">
          <reporter-output>
          </reporter-output>
        </test-method> <!-- CreateDocuments -->
      </class> <!-- com.comcast.crm.documentstest.CreateDocumentsTest -->
      <class name="com.comcast.crm.orgtest.CreateOrgTest">
        <test-method signature="CreateOrganization()[pri:0, instance:com.comcast.crm.orgtest.CreateOrgTest@1fa121e2]" started-at="2025-05-28T21:19:22 IST" name="CreateOrganization" finished-at="2025-05-28T21:19:50 IST" duration-ms="28601" status="PASS">
          <reporter-output>
          </reporter-output>
        </test-method> <!-- CreateOrganization -->
      </class> <!-- com.comcast.crm.orgtest.CreateOrgTest -->
    </test> <!-- Test -->
  </suite> <!-- Suite -->
</testng-results>
